<?xml version="1.0" encoding="UTF-8"?>
<!-- Generated by org.testng.reporters.JUnitReportReporter -->
<testsuite hostname="ManojT460" name="com.Testcase.AdminTestCase" tests="1" failures="0" timestamp="18 Aug 2020 00:34:44 GMT" time="12.870" errors="0">
  <testcase name="admintab" time="12.870" classname="com.Testcase.AdminTestCase"/>
</testsuite> <!-- com.Testcase.AdminTestCase -->
