<?xml version="1.0" encoding="UTF-8"?>
<!-- Generated by org.testng.reporters.JUnitReportReporter -->
<testsuite hostname="ManojT460" name="com.Testcase.LoginTestcase" tests="1" failures="0" timestamp="16 Aug 2020 19:47:42 GMT" time="13.956" errors="0">
  <testcase name="orangeHrmLo" time="13.956" classname="com.Testcase.LoginTestcase"/>
</testsuite> <!-- com.Testcase.LoginTestcase -->
